2024-12-13 17:55:36 | INFO   | utils.log:init_logger - config: 
CHECKPOINTS_DIR: ./outputs/kitti360_vsrd_pp_split/checkpoints
DATA:
  CLS_LIST: ['Car']
  DIM_PRIOR: [[1.6, 1.8, 4.0]]
  IMAGENET_STATS_MEAN: [0.485, 0.456, 0.406]
  IMAGENET_STATS_STD: [0.229, 0.224, 0.225]
  KITTI_360_PATH: /media/zliu/data12/dataset/TPAMI_Stage2/OLD_VSRD24_LABEL/VSRD_PP_SPLIT/training/
  MODE: KITTI360
  ROOT_3D_PATH: /media/zliu/data12/dataset/TPAMI_Stage2/OLD_VSRD24_LABEL/VSRD_PP_SPLIT/training/
  RoI_POINTS_DIR: ROI_LiDAR_InternImage
  TYPE: ['Car']
EXP_NAME: Resnet34
INFER:
  DET_2D_PATH: /media/zliu/data12/dataset/TPAMI_Stage2/OLD_VSRD24_LABEL/VSRD_PP_SPLIT/training/det2d/
  SAVE_DIR: ./outputs/kitti360_vsrd_pp_split/predictions
  WORKS: 0
LOG_DIR: ./outputs/kitti360_vsrd_pp_split/logs
NET_LAYER: 34
RESTORE_EPOCH: None
RESTORE_PATH: None
TRAIN:
  BATCH_SIZE: 8
  EPOCH: 50
  FLIP: 0.0
  IMAGE_HW: (376, 1408)
  LR: 0.0001
  SAMPLE_LOSS_POINTS: 100
  SAMPLE_ROI_POINTS: 100
  TRAIN_FILE: /media/zliu/data12/dataset/TPAMI_Stage2/OLD_VSRD24_LABEL/VSRD_PP_SPLIT/ImageSets_For_WeakM3D/train.txt
  WEIGHT_FILE: /media/zliu/data12/dataset/TPAMI_Stage2/OLD_VSRD24_LABEL/VSRD_PP_SPLIT/ImageSets_For_WeakM3D/train_weight.txt
  WORKS: 4
VAL:
  GT_DIR: /media/zliu/data12/dataset/TPAMI_Stage2/OLD_VSRD24_LABEL/VSRD_PP_SPLIT/training/label_gt/
  SPLIT_FILE: /media/zliu/data12/dataset/TPAMI_Stage2/OLD_VSRD24_LABEL/VSRD_PP_SPLIT/ImageSets_For_WeakM3D/val.txt
  WORKS: 0
2024-12-13 17:55:37 | INFO   | __main__:train - Start training
2024-12-13 17:55:44 | INFO   | __main__:train - current loss is 2.6714847087860107, iterations is 5
2024-12-13 17:55:45 | INFO   | __main__:train - current loss is 3.261414051055908, iterations is 10
2024-12-13 17:55:46 | INFO   | __main__:train - current loss is 4.096214294433594, iterations is 15
2024-12-13 17:55:47 | INFO   | __main__:train - current loss is 2.171894073486328, iterations is 20
2024-12-13 17:55:47 | INFO   | __main__:train - current loss is 1.5551095008850098, iterations is 25
2024-12-13 17:55:48 | INFO   | __main__:train - current loss is 1.3630588054656982, iterations is 30
2024-12-13 17:55:49 | INFO   | __main__:train - current loss is 1.2427791357040405, iterations is 35
2024-12-13 17:55:50 | INFO   | __main__:train - current loss is 1.7942602634429932, iterations is 40
2024-12-13 17:55:50 | INFO   | __main__:train - current loss is 1.9328988790512085, iterations is 45
2024-12-13 17:55:51 | INFO   | __main__:train - current loss is 1.2849042415618896, iterations is 50
2024-12-13 17:55:52 | INFO   | __main__:train - current loss is 1.2431260347366333, iterations is 55
2024-12-13 17:55:53 | INFO   | __main__:train - current loss is 0.6394675374031067, iterations is 60
2024-12-13 17:55:54 | INFO   | __main__:train - current loss is 1.1839698553085327, iterations is 65
2024-12-13 17:55:54 | INFO   | __main__:train - current loss is 1.7447659969329834, iterations is 70
2024-12-13 17:55:55 | INFO   | __main__:train - current loss is 1.0239821672439575, iterations is 75
2024-12-13 17:55:56 | INFO   | __main__:train - current loss is 1.344536542892456, iterations is 80
2024-12-13 17:55:57 | INFO   | __main__:train - current loss is 1.3901151418685913, iterations is 85
2024-12-13 17:55:57 | INFO   | __main__:train - current loss is 1.03688645362854, iterations is 90
2024-12-13 17:55:58 | INFO   | __main__:train - current loss is 1.6222819089889526, iterations is 95
2024-12-13 17:55:59 | INFO   | __main__:train - current loss is 0.7097338438034058, iterations is 100
